[35m[1mConsolidate compiler generated dependencies of target talker[0m
[ 50%] Built target listener
[ 75%] [32mBuilding CXX object CMakeFiles/talker.dir/src/talker.cpp.o[0m
[01m[K/home/genesis/Desktop/pubsub_template_uros/src/pubsub_template_uros/src/talker.cpp:[m[K In member function â€˜[01m[Kvoid Talker::read_loop()[m[Kâ€™:
[01m[K/home/genesis/Desktop/pubsub_template_uros/src/pubsub_template_uros/src/talker.cpp:57:56:[m[K [01;31m[Kerror: [m[Kexpected â€˜[01m[K;[m[Kâ€™ before â€˜[01m[Kvalue[m[Kâ€™
   57 |                 std::cout << "valore letto dalla pipe" [01;31m[Kvalue[m[K std::endl;
      |                                                        [01;31m[K^~~~~[m[K
gmake[2]: *** [CMakeFiles/talker.dir/build.make:76: CMakeFiles/talker.dir/src/talker.cpp.o] Error 1
gmake[1]: *** [CMakeFiles/Makefile2:139: CMakeFiles/talker.dir/all] Error 2
gmake: *** [Makefile:146: all] Error 2
