[0.014s] Invoking command in '/home/genesis/Desktop/pubsub_template_uros/build/pubsub_template_uros': CMAKE_PREFIX_PATH=${CMAKE_PREFIX_PATH}:/opt/ros/humble /usr/bin/cmake --build /home/genesis/Desktop/pubsub_template_uros/build/pubsub_template_uros -- -j4 -l4
[0.064s] [35m[1mConsolidate compiler generated dependencies of target talker[0m
[0.084s] [ 50%] Built target listener
[0.087s] [ 75%] [32mBuilding CXX object CMakeFiles/talker.dir/src/talker.cpp.o[0m
[3.478s] [01m[K/home/genesis/Desktop/pubsub_template_uros/src/pubsub_template_uros/src/talker.cpp:[m[K In member function â€˜[01m[Kvoid Talker::read_loop()[m[Kâ€™:
[3.478s] [01m[K/home/genesis/Desktop/pubsub_template_uros/src/pubsub_template_uros/src/talker.cpp:57:56:[m[K [01;31m[Kerror: [m[Kexpected â€˜[01m[K;[m[Kâ€™ before â€˜[01m[Kvalue[m[Kâ€™
[3.478s]    57 |                 std::cout << "valore letto dalla pipe" [01;31m[Kvalue[m[K std::endl;
[3.478s]       |                                                        [01;31m[K^~~~~[m[K
[4.888s] gmake[2]: *** [CMakeFiles/talker.dir/build.make:76: CMakeFiles/talker.dir/src/talker.cpp.o] Error 1
[4.889s] gmake[1]: *** [CMakeFiles/Makefile2:139: CMakeFiles/talker.dir/all] Error 2
[4.889s] gmake: *** [Makefile:146: all] Error 2
[4.893s] Invoked command in '/home/genesis/Desktop/pubsub_template_uros/build/pubsub_template_uros' returned '2': CMAKE_PREFIX_PATH=${CMAKE_PREFIX_PATH}:/opt/ros/humble /usr/bin/cmake --build /home/genesis/Desktop/pubsub_template_uros/build/pubsub_template_uros -- -j4 -l4
