[0.016s] Invoking command in '/home/genesis/Desktop/pubsub_template_uros/build/pubsub_template_uros': CMAKE_PREFIX_PATH=${CMAKE_PREFIX_PATH}:/opt/ros/humble /usr/bin/cmake --build /home/genesis/Desktop/pubsub_template_uros/build/pubsub_template_uros -- -j4 -l4
[0.066s] [35m[1mConsolidate compiler generated dependencies of target listener[0m
[0.086s] [ 75%] [32mBuilding CXX object CMakeFiles/listener.dir/src/listener.cpp.o[0m
[0.086s] [ 75%] Built target talker
[0.100s] [01m[K/home/genesis/Desktop/pubsub_template_uros/src/pubsub_template_uros/src/listener.cpp:1:2:[m[K [01;31m[Kerror: [m[Kinvalid preprocessing directive #inc
[0.100s]     1 | #[01;31m[Kinc[m[K#include <rclcpp/rclcpp.hpp>
[0.100s]       |  [01;31m[K^~~[m[K
[0.838s] [01m[K/home/genesis/Desktop/pubsub_template_uros/src/pubsub_template_uros/src/listener.cpp:5:38:[m[K [01;31m[Kerror: [m[Kexpected class-name before â€˜[01m[K{[m[Kâ€™ token
[0.838s]     5 | class Listener : public rclcpp::Node [01;31m[K{[m[K
[0.838s]       |                                      [01;31m[K^[m[K
[0.839s] [01m[K/home/genesis/Desktop/pubsub_template_uros/src/pubsub_template_uros/src/listener.cpp:24:11:[m[K [01;31m[Kerror: [m[Kâ€˜[01m[KSubscription[m[Kâ€™ in namespace â€˜[01m[Krclcpp[m[Kâ€™ does not name a template type
[0.839s]    24 |   rclcpp::[01;31m[KSubscription[m[K<std_msgs::msg::Int32>::SharedPtr subscription_;
[0.839s]       |           [01;31m[K^~~~~~~~~~~~[m[K
[0.839s] [01m[K/home/genesis/Desktop/pubsub_template_uros/src/pubsub_template_uros/src/listener.cpp:[m[K In constructor â€˜[01m[KListener::Listener()[m[Kâ€™:
[0.839s] [01m[K/home/genesis/Desktop/pubsub_template_uros/src/pubsub_template_uros/src/listener.cpp:8:5:[m[K [01;31m[Kerror: [m[Kclass â€˜[01m[KListener[m[Kâ€™ does not have any field named â€˜[01m[KNode[m[Kâ€™
[0.839s]     8 |   : [01;31m[KNode[m[K("ros2_listener")
[0.840s]       |     [01;31m[K^~~~[m[K
[0.845s] [01m[K/home/genesis/Desktop/pubsub_template_uros/src/pubsub_template_uros/src/listener.cpp:14:5:[m[K [01;31m[Kerror: [m[Kâ€˜[01m[Ksubscription_[m[Kâ€™ was not declared in this scope; did you mean â€˜[01m[Krmw_subscription_t[m[Kâ€™?
[0.846s]    14 |     [01;31m[Ksubscription_[m[K = this->create_subscription<std_msgs::msg::Int32>(
[0.846s]       |     [01;31m[K^~~~~~~~~~~~~[m[K
[0.846s]       |     [32m[Krmw_subscription_t[m[K
[0.846s] [01m[K/home/genesis/Desktop/pubsub_template_uros/src/pubsub_template_uros/src/listener.cpp:14:27:[m[K [01;31m[Kerror: [m[Kâ€˜[01m[Kclass Listener[m[Kâ€™ has no member named â€˜[01m[Kcreate_subscription[m[Kâ€™
[0.846s]    14 |     subscription_ = this->[01;31m[Kcreate_subscription[m[K<std_msgs::msg::Int32>(
[0.846s]       |                           [01;31m[K^~~~~~~~~~~~~~~~~~~[m[K
[0.847s] [01m[K/home/genesis/Desktop/pubsub_template_uros/src/pubsub_template_uros/src/listener.cpp:14:67:[m[K [01;31m[Kerror: [m[Kexpected primary-expression before â€˜[01m[K>[m[Kâ€™ token
[0.847s]    14 |     subscription_ = this->create_subscription<std_msgs::msg::Int32[01;31m[K>[m[K(
[0.847s]       |                                                                   [01;31m[K^[m[K
[0.847s] [01m[K/home/genesis/Desktop/pubsub_template_uros/src/pubsub_template_uros/src/listener.cpp:15:7:[m[K [01;35m[Kwarning: [m[Kleft operand of comma operator has no effect [[01;35m[K]8;;https://gcc.gnu.org/onlinedocs/gcc/Warning-Options.html#index-Wunused-value-Wunused-value]8;;[m[K]
[0.847s]    15 |       [01;35m[K"micro_ros_pub_topic"[m[K,
[0.847s]       |       [01;35m[K^~~~~~~~~~~~~~~~~~~~~[m[K
[0.849s] [01m[K/home/genesis/Desktop/pubsub_template_uros/src/pubsub_template_uros/src/listener.cpp:[m[K In lambda function:
[0.849s] [01m[K/home/genesis/Desktop/pubsub_template_uros/src/pubsub_template_uros/src/listener.cpp:18:27:[m[K [01;31m[Kerror: [m[Kâ€˜[01m[Kclass Listener[m[Kâ€™ has no member named â€˜[01m[Kget_logger[m[Kâ€™
[0.849s]    18 |         RCLCPP_INFO(this->[01;31m[Kget_logger[m[K(), "Ricevuto dall'ESP32: %d", msg->data);
[0.850s]       |                           [01;31m[K^~~~~~~~~~[m[K
[0.854s] [01m[K/home/genesis/Desktop/pubsub_template_uros/src/pubsub_template_uros/src/listener.cpp:18:9:[m[K [01;31m[Kerror: [m[Kâ€˜[01m[KRCLCPP_INFO[m[Kâ€™ was not declared in this scope; did you mean â€˜[01m[KRCLCPP_IMPORT[m[Kâ€™?
[0.854s]    18 |         [01;31m[KRCLCPP_INFO[m[K(this->get_logger(), "Ricevuto dall'ESP32: %d", msg->data);
[0.855s]       |         [01;31m[K^~~~~~~~~~~[m[K
[0.855s]       |         [32m[KRCLCPP_IMPORT[m[K
[0.855s] [01m[K/home/genesis/Desktop/pubsub_template_uros/src/pubsub_template_uros/src/listener.cpp:[m[K In constructor â€˜[01m[KListener::Listener()[m[Kâ€™:
[0.855s] [01m[K/home/genesis/Desktop/pubsub_template_uros/src/pubsub_template_uros/src/listener.cpp:19:7:[m[K [01;35m[Kwarning: [m[Kright operand of comma operator has no effect [[01;35m[K]8;;https://gcc.gnu.org/onlinedocs/gcc/Warning-Options.html#index-Wunused-value-Wunused-value]8;;[m[K]
[0.855s]    19 |       [01;35m[K}[m[K
[0.856s]       |       [01;35m[K^[m[K
[0.856s] [01m[K/home/genesis/Desktop/pubsub_template_uros/src/pubsub_template_uros/src/listener.cpp:[m[K In function â€˜[01m[Kint main(int, char**)[m[Kâ€™:
[0.856s] [01m[K/home/genesis/Desktop/pubsub_template_uros/src/pubsub_template_uros/src/listener.cpp:28:11:[m[K [01;31m[Kerror: [m[Kâ€˜[01m[Kinit[m[Kâ€™ is not a member of â€˜[01m[Krclcpp[m[Kâ€™
[0.856s]    28 |   rclcpp::[01;31m[Kinit[m[K(argc, argv);
[0.856s]       |           [01;31m[K^~~~[m[K
[0.857s] [01m[K/home/genesis/Desktop/pubsub_template_uros/src/pubsub_template_uros/src/listener.cpp:29:11:[m[K [01;31m[Kerror: [m[Kâ€˜[01m[Kspin[m[Kâ€™ is not a member of â€˜[01m[Krclcpp[m[Kâ€™
[0.857s]    29 |   rclcpp::[01;31m[Kspin[m[K(std::make_shared<Listener>());
[0.857s]       |           [01;31m[K^~~~[m[K
[0.859s] [01m[K/home/genesis/Desktop/pubsub_template_uros/src/pubsub_template_uros/src/listener.cpp:30:11:[m[K [01;31m[Kerror: [m[Kâ€˜[01m[Kshutdown[m[Kâ€™ is not a member of â€˜[01m[Krclcpp[m[Kâ€™
[0.859s]    30 |   rclcpp::[01;31m[Kshutdown[m[K();
[0.859s]       |           [01;31m[K^~~~~~~~[m[K
[0.967s] gmake[2]: *** [CMakeFiles/listener.dir/build.make:76: CMakeFiles/listener.dir/src/listener.cpp.o] Error 1
[0.967s] gmake[1]: *** [CMakeFiles/Makefile2:165: CMakeFiles/listener.dir/all] Error 2
[0.967s] gmake: *** [Makefile:146: all] Error 2
[0.970s] Invoked command in '/home/genesis/Desktop/pubsub_template_uros/build/pubsub_template_uros' returned '2': CMAKE_PREFIX_PATH=${CMAKE_PREFIX_PATH}:/opt/ros/humble /usr/bin/cmake --build /home/genesis/Desktop/pubsub_template_uros/build/pubsub_template_uros -- -j4 -l4
